<?xml version="1.0" encoding="UTF-8"?>
<!-- Generated by org.testng.reporters.JUnitReportReporter -->
<testsuite skipped="0" hostname="P5725" name="logintest.LoginTest" tests="2" failures="0" timestamp="2019-02-20T13:06:10 EET" time="3.395" errors="0">
  <testcase name="loginValidUser" time="1.450" classname="logintest.LoginTest"/>
  <testcase name="loginInvalidUser" time="1.945" classname="logintest.LoginTest"/>
</testsuite> <!-- logintest.LoginTest -->
