<?xml version="1.0" encoding="UTF-8"?>
<!-- Generated by org.testng.reporters.JUnitReportReporter -->
<testsuite skipped="0" hostname="P5841" name="logintest.LoginTest" tests="2" failures="0" timestamp="2019-02-20T12:50:51 EET" time="3.003" errors="0">
  <testcase name="login_ValidUser_ShouldRedirectToMyAccount" time="1.738" classname="logintest.LoginTest"/>
  <testcase name="login_InvalidUser_ShouldNotRedirectToMyAccount" time="1.265" classname="logintest.LoginTest"/>
</testsuite> <!-- logintest.LoginTest -->
