<?xml version="1.0" encoding="UTF-8"?>
<!-- Generated by org.testng.reporters.JUnitReportReporter -->
<testsuite skipped="0" hostname="P5495" name="TestCreateAccount" tests="1" failures="0" timestamp="2019-02-20T11:29:12 EET" time="0.335" errors="0">
  <testcase name="testFirstRegisterPage" time="0.335" classname="TestCreateAccount"/>
</testsuite> <!-- TestCreateAccount -->
