<?xml version="1.0" encoding="UTF-8"?>
<!-- Generated by org.testng.reporters.JUnitReportReporter -->
<testsuite skipped="0" hostname="P5495" name="logintest.TestCases" tests="16" failures="0" timestamp="2019-02-20T11:29:12 EET" time="0.000" errors="0">
  <testcase name="tryToLoginWithWrongEmailAndPassword" time="0.000" classname="logintest.TestCases"/>
  <testcase name="checkInvalidUserLogIn" time="0.000" classname="logintest.TestCases"/>
  <testcase name="tryToLoginWithNoPassword" time="0.000" classname="logintest.TestCases"/>
  <testcase name="checkSignLocator" time="0.000" classname="logintest.TestCases"/>
  <testcase name="tryToLoginWithNoEmailAdress" time="0.000" classname="logintest.TestCases"/>
  <testcase name="checkPasswordPolicy" time="0.000" classname="logintest.TestCases"/>
  <testcase name="verifyRegisterPageLastName" time="0.000" classname="logintest.TestCases"/>
  <testcase name="verifyCreateAccountLocator" time="0.000" classname="logintest.TestCases"/>
  <testcase name="verifyLogInWithSucces" time="0.000" classname="logintest.TestCases"/>
  <testcase name="verifyRegisterPageFirstName" time="0.000" classname="logintest.TestCases"/>
  <testcase name="verifyLogOutWithSucces" time="0.000" classname="logintest.TestCases"/>
  <testcase name="checkPasswordLabelLocator" time="0.000" classname="logintest.TestCases"/>
  <testcase name="checkUserName" time="0.000" classname="logintest.TestCases"/>
  <testcase name="tryToLoginWithOnlyEmail" time="0.000" classname="logintest.TestCases"/>
  <testcase name="checkEmailFormat" time="0.000" classname="logintest.TestCases"/>
  <testcase name="checkSignOutLocator" time="0.000" classname="logintest.TestCases"/>
</testsuite> <!-- logintest.TestCases -->
