<?xml version="1.0" encoding="UTF-8"?>
<!-- Generated by org.testng.reporters.JUnitReportReporter -->
<testsuite skipped="0" hostname="P5495" name="logintest.RegisterTest" tests="7" failures="0" timestamp="2019-02-20T13:01:36 EET" time="0.000" errors="0">
  <testcase name="empthycity" time="0.000" classname="logintest.RegisterTest"/>
  <testcase name="checkInvalidZipCode" time="0.000" classname="logintest.RegisterTest"/>
  <testcase name="checkRegisterwithSucces" time="0.000" classname="logintest.RegisterTest"/>
  <testcase name="checkMandatoryFieldsNotCompletedAll" time="0.000" classname="logintest.RegisterTest"/>
  <testcase name="empthyadress" time="0.000" classname="logintest.RegisterTest"/>
  <testcase name="empthyphone" time="0.000" classname="logintest.RegisterTest"/>
  <testcase name="checkPasswordinvalidPolicy" time="0.000" classname="logintest.RegisterTest"/>
</testsuite> <!-- logintest.RegisterTest -->
