<?xml version="1.0" encoding="UTF-8"?>
<!-- Generated by org.testng.reporters.JUnitReportReporter -->
<testsuite skipped="0" hostname="P5608" name="logintest.LoginTest" tests="6" failures="0" timestamp="20 Feb 2019 13:26:06 GMT" time="4.338" errors="0">
  <testcase name="invalidEmailFormat" time="0.001" classname="logintest.LoginTest"/>
  <testcase name="invalidPasswordLength" time="0.000" classname="logintest.LoginTest"/>
  <testcase name="invalidPasswordFormat" time="0.000" classname="logintest.LoginTest"/>
  <testcase name="invalidSignInButton" time="0.000" classname="logintest.LoginTest"/>
  <testcase name="logInvalidUser" time="2.014" classname="logintest.LoginTest"/>
  <testcase name="logValidUser" time="2.323" classname="logintest.LoginTest"/>
</testsuite> <!-- logintest.LoginTest -->
