<?xml version="1.0" encoding="UTF-8"?>
<!-- Generated by org.testng.reporters.JUnitReportReporter -->
<testsuite skipped="0" hostname="P5608" name="logintest.CreateAnAccountTest" tests="1" failures="0" timestamp="20 Feb 2019 08:02:14 GMT" time="0.208" errors="0">
  <testcase name="registerValidUser" time="0.208" classname="logintest.CreateAnAccountTest"/>
</testsuite> <!-- logintest.CreateAnAccountTest -->
