<?xml version="1.0" encoding="UTF-8"?>
<!-- Generated by org.testng.reporters.JUnitReportReporter -->
<testsuite skipped="0" hostname="P5946" name="logintest.LoginTest" tests="2" failures="0" timestamp="2019-02-20T13:14:03 EET" time="2.667" errors="0">
  <testcase name="loginInvalidUser" time="1.151" classname="logintest.LoginTest"/>
  <testcase name="loginValidUser" time="1.516" classname="logintest.LoginTest"/>
</testsuite> <!-- logintest.LoginTest -->
